<?xml version="1.0" encoding="UTF-8"?>
<!-- Generated by org.testng.reporters.JUnitXMLReporter -->
<testsuite ignored="0" hostname="KSHITIJKK" failures="0" tests="7" name="Test" time="6.868" errors="0" timestamp="2025-05-21T02:02:57 IST">
  <testcase classname="automation_pagetest.SwabLabs_PageTest" name="verifyLoginWithIncorrectCredentials" time="0.305"/>
  <testcase classname="automation_pagetest.SwabLabs_PageTest" name="verifyLoginWithCorrectCredentials" time="3.399"/>
  <testcase classname="automation_pagetest.SwabLabs_PageTest" name="verifyCartFunctionalityWorksCorectly" time="0.291"/>
  <testcase classname="automation_pagetest.SwabLabs_PageTest" name="verifyCheckoutFunctionalityWorksCorrectly" time="0.405"/>
  <testcase classname="automation_pagetest.SwabLabs_PageTest" name="myTest" time="0.0"/>
  <testcase classname="automation_pagetest.SwabLabs_PageTest" name="myTest" time="0.001"/>
  <testcase classname="automation_pagetest.SwabLabs_PageTest" name="myTest" time="0.002"/>
</testsuite> <!-- Test -->
