<?xml version="1.0" encoding="UTF-8"?>
<!-- Generated by org.testng.reporters.JUnitXMLReporter -->
<testsuite ignored="0" hostname="KSHITIJKK" failures="0" tests="7" name="Test One" time="7.381" errors="0" timestamp="2025-05-21T02:21:37 IST">
  <testcase classname="automation_pagetest.SwabLabs_PageTest" name="verifyLoginWithIncorrectCredentials" time="0.361"/>
  <testcase classname="automation_pagetest.SwabLabs_PageTest" name="verifyLoginWithCorrectCredentials" time="3.404"/>
  <testcase classname="automation_pagetest.SwabLabs_PageTest" name="verifyCartFunctionalityWorksCorectly" time="0.247"/>
  <testcase classname="automation_pagetest.SwabLabs_PageTest" name="verifyCheckoutFunctionalityWorksCorrectly" time="0.437"/>
  <testcase classname="automation_pagetest.SwabLabs_PageTest" name="myTest" time="0.001"/>
  <testcase classname="automation_pagetest.SwabLabs_PageTest" name="myTest" time="0.001"/>
  <testcase classname="automation_pagetest.SwabLabs_PageTest" name="myTest" time="0.001"/>
</testsuite> <!-- Test One -->
