<?xml version="1.0" encoding="UTF-8"?>
<!-- Generated by org.testng.reporters.JUnitXMLReporter -->
<testsuite ignored="0" hostname="KSHITIJKK" failures="0" tests="7" name="Test Two " time="7.362" errors="0" timestamp="2025-05-21T02:21:37 IST">
  <testcase classname="automation_pagetest.SwabLabs_PageTestParalleltest" name="verifyLoginWithIncorrectCredentials" time="0.361"/>
  <testcase classname="automation_pagetest.SwabLabs_PageTestParalleltest" name="verifyLoginWithCorrectCredentials" time="3.41"/>
  <testcase classname="automation_pagetest.SwabLabs_PageTestParalleltest" name="verifyCartFunctionalityWorksCorectly" time="0.239"/>
  <testcase classname="automation_pagetest.SwabLabs_PageTestParalleltest" name="verifyCheckoutFunctionalityWorksCorrectly" time="0.433"/>
  <testcase classname="automation_pagetest.SwabLabs_PageTestParalleltest" name="myTest" time="0.001"/>
  <testcase classname="automation_pagetest.SwabLabs_PageTestParalleltest" name="myTest" time="0.001"/>
  <testcase classname="automation_pagetest.SwabLabs_PageTestParalleltest" name="myTest" time="0.0"/>
</testsuite> <!-- Test Two  -->
