<?xml version="1.0" encoding="UTF-8"?>
<testng-results ignored="0" total="4" passed="4" failed="0" skipped="0">
  <reporter-output>
  </reporter-output>
  <suite started-at="2025-05-20T19:27:22 IST" name="Suite" finished-at="2025-05-20T19:27:29 IST" duration-ms="7281">
    <groups>
    </groups>
    <test started-at="2025-05-20T19:27:22 IST" name="Test" finished-at="2025-05-20T19:27:29 IST" duration-ms="7281">
      <class name="automation_pagetest.SwabLabs_PageTest">
        <test-method is-config="true" signature="setupdriver(java.lang.String)[pri:0, instance:automation_pagetest.SwabLabs_PageTest@3a52dba3]" started-at="2025-05-20T19:27:22 IST" name="setupdriver" finished-at="2025-05-20T19:27:25 IST" duration-ms="2678" status="PASS">
          <params>
            <param index="0">
              <value>
                <![CDATA[chrome]]>
              </value>
            </param>
          </params>
          <reporter-output>
          </reporter-output>
        </test-method> <!-- setupdriver -->
        <test-method signature="verifyLoginWithIncorrectCredentials()[pri:1, instance:automation_pagetest.SwabLabs_PageTest@3a52dba3]" started-at="2025-05-20T19:27:25 IST" name="verifyLoginWithIncorrectCredentials" finished-at="2025-05-20T19:27:25 IST" duration-ms="307" status="PASS">
          <reporter-output>
          </reporter-output>
        </test-method> <!-- verifyLoginWithIncorrectCredentials -->
        <test-method signature="verifyLoginWithCorrectCredentials()[pri:2, instance:automation_pagetest.SwabLabs_PageTest@3a52dba3]" started-at="2025-05-20T19:27:25 IST" name="verifyLoginWithCorrectCredentials" finished-at="2025-05-20T19:27:29 IST" duration-ms="3389" status="PASS">
          <reporter-output>
          </reporter-output>
        </test-method> <!-- verifyLoginWithCorrectCredentials -->
        <test-method signature="verifyCartFunctionalityWorksCorectly()[pri:3, instance:automation_pagetest.SwabLabs_PageTest@3a52dba3]" started-at="2025-05-20T19:27:29 IST" name="verifyCartFunctionalityWorksCorectly" finished-at="2025-05-20T19:27:29 IST" depends-on-methods="automation_pagetest.SwabLabs_PageTest.verifyLoginWithCorrectCredentials" duration-ms="243" status="PASS">
          <reporter-output>
          </reporter-output>
        </test-method> <!-- verifyCartFunctionalityWorksCorectly -->
        <test-method signature="verifyCheckoutFunctionalityWorksCorrectly()[pri:4, instance:automation_pagetest.SwabLabs_PageTest@3a52dba3]" started-at="2025-05-20T19:27:29 IST" name="verifyCheckoutFunctionalityWorksCorrectly" finished-at="2025-05-20T19:27:29 IST" depends-on-methods="automation_pagetest.SwabLabs_PageTest.verifyLoginWithCorrectCredentials" duration-ms="364" status="PASS">
          <reporter-output>
          </reporter-output>
        </test-method> <!-- verifyCheckoutFunctionalityWorksCorrectly -->
        <test-method is-config="true" signature="closeDriver()[pri:0, instance:automation_pagetest.SwabLabs_PageTest@3a52dba3]" started-at="2025-05-20T19:27:29 IST" name="closeDriver" finished-at="2025-05-20T19:27:29 IST" duration-ms="256" status="PASS">
          <reporter-output>
          </reporter-output>
        </test-method> <!-- closeDriver -->
      </class> <!-- automation_pagetest.SwabLabs_PageTest -->
    </test> <!-- Test -->
  </suite> <!-- Suite -->
</testng-results>
